[0.025s] Invoking command in '/home/shibam/dev_ws/build/talkerlistener': CMAKE_PREFIX_PATH=${CMAKE_PREFIX_PATH}:/opt/ros/jazzy DEBUGINFOD_URLS=https://debuginfod.ubuntu.com /usr/bin/cmake /home/shibam/dev_ws/src/talkerlistener -DAMENT_CMAKE_SYMLINK_INSTALL=1 -DCMAKE_INSTALL_PREFIX=/home/shibam/dev_ws/install/talkerlistener
[0.955s] -- The C compiler identification is GNU 13.3.0
[1.549s] -- The CXX compiler identification is GNU 13.3.0
[1.621s] -- Detecting C compiler ABI info
[1.945s] -- Detecting C compiler ABI info - done
[1.960s] -- Check for working C compiler: /usr/bin/cc - skipped
[1.960s] -- Detecting C compile features
[1.961s] -- Detecting C compile features - done
[1.980s] -- Detecting CXX compiler ABI info
[2.148s] -- Detecting CXX compiler ABI info - done
[2.158s] -- Check for working CXX compiler: /usr/bin/c++ - skipped
[2.159s] -- Detecting CXX compile features
[2.159s] -- Detecting CXX compile features - done
[2.260s] -- Found ament_cmake: 2.5.4 (/opt/ros/jazzy/share/ament_cmake/cmake)
[2.523s] -- Found Python3: /usr/bin/python3 (found version "3.12.3") found components: Interpreter 
[2.604s] -- Override CMake install command with custom implementation using symlinks instead of copying resources
[2.731s] -- Found ament_lint_auto: 0.17.2 (/opt/ros/jazzy/share/ament_lint_auto/cmake)
[2.879s] -- Added test 'lint_cmake' to check CMake code style
[2.880s] -- Added test 'xmllint' to check XML markup files
[2.882s] -- Configuring done (2.8s)
[2.884s] -- Generating done (0.0s)
[2.885s] -- Build files have been written to: /home/shibam/dev_ws/build/talkerlistener
[2.889s] Invoked command in '/home/shibam/dev_ws/build/talkerlistener' returned '0': CMAKE_PREFIX_PATH=${CMAKE_PREFIX_PATH}:/opt/ros/jazzy DEBUGINFOD_URLS=https://debuginfod.ubuntu.com /usr/bin/cmake /home/shibam/dev_ws/src/talkerlistener -DAMENT_CMAKE_SYMLINK_INSTALL=1 -DCMAKE_INSTALL_PREFIX=/home/shibam/dev_ws/install/talkerlistener
[2.890s] Invoking command in '/home/shibam/dev_ws/build/talkerlistener': CMAKE_PREFIX_PATH=${CMAKE_PREFIX_PATH}:/opt/ros/jazzy DEBUGINFOD_URLS=https://debuginfod.ubuntu.com /usr/bin/cmake --build /home/shibam/dev_ws/build/talkerlistener -- -j8 -l8
[2.923s] Invoked command in '/home/shibam/dev_ws/build/talkerlistener' returned '0': CMAKE_PREFIX_PATH=${CMAKE_PREFIX_PATH}:/opt/ros/jazzy DEBUGINFOD_URLS=https://debuginfod.ubuntu.com /usr/bin/cmake --build /home/shibam/dev_ws/build/talkerlistener -- -j8 -l8
[2.931s] Invoking command in '/home/shibam/dev_ws/build/talkerlistener': CMAKE_PREFIX_PATH=${CMAKE_PREFIX_PATH}:/opt/ros/jazzy DEBUGINFOD_URLS=https://debuginfod.ubuntu.com /usr/bin/cmake --install /home/shibam/dev_ws/build/talkerlistener
[2.938s] -- Install configuration: ""
[2.938s] -- Execute custom install script
[2.938s] -- Symlinking: /home/shibam/dev_ws/install/talkerlistener/share/talkerlistener/launch/listener.launch
[2.946s] -- Symlinking: /home/shibam/dev_ws/install/talkerlistener/share/talkerlistener/launch/talker.launch
[2.954s] -- Symlinking: /home/shibam/dev_ws/install/talkerlistener/share/ament_index/resource_index/package_run_dependencies/talkerlistener
[2.961s] -- Symlinking: /home/shibam/dev_ws/install/talkerlistener/share/ament_index/resource_index/parent_prefix_path/talkerlistener
[2.969s] -- Symlinking: /home/shibam/dev_ws/install/talkerlistener/share/talkerlistener/environment/ament_prefix_path.sh
[2.976s] -- Symlinking: /home/shibam/dev_ws/install/talkerlistener/share/talkerlistener/environment/ament_prefix_path.dsv
[2.984s] -- Symlinking: /home/shibam/dev_ws/install/talkerlistener/share/talkerlistener/environment/path.sh
[2.991s] -- Symlinking: /home/shibam/dev_ws/install/talkerlistener/share/talkerlistener/environment/path.dsv
[2.999s] -- Symlinking: /home/shibam/dev_ws/install/talkerlistener/share/talkerlistener/local_setup.bash
[3.007s] -- Symlinking: /home/shibam/dev_ws/install/talkerlistener/share/talkerlistener/local_setup.sh
[3.015s] -- Symlinking: /home/shibam/dev_ws/install/talkerlistener/share/talkerlistener/local_setup.zsh
[3.022s] -- Symlinking: /home/shibam/dev_ws/install/talkerlistener/share/talkerlistener/local_setup.dsv
[3.029s] -- Symlinking: /home/shibam/dev_ws/install/talkerlistener/share/talkerlistener/package.dsv
[3.037s] -- Symlinking: /home/shibam/dev_ws/install/talkerlistener/share/ament_index/resource_index/packages/talkerlistener
[3.045s] -- Symlinking: /home/shibam/dev_ws/install/talkerlistener/share/talkerlistener/cmake/talkerlistenerConfig.cmake
[3.052s] -- Symlinking: /home/shibam/dev_ws/install/talkerlistener/share/talkerlistener/cmake/talkerlistenerConfig-version.cmake
[3.059s] -- Symlinking: /home/shibam/dev_ws/install/talkerlistener/share/talkerlistener/package.xml
[3.068s] Invoked command in '/home/shibam/dev_ws/build/talkerlistener' returned '0': CMAKE_PREFIX_PATH=${CMAKE_PREFIX_PATH}:/opt/ros/jazzy DEBUGINFOD_URLS=https://debuginfod.ubuntu.com /usr/bin/cmake --install /home/shibam/dev_ws/build/talkerlistener
