[0.115s] DEBUG:colcon:Command line arguments: ['/usr/bin/colcon', 'build', '--symlink-install']
[0.115s] DEBUG:colcon:Parsed command line arguments: Namespace(log_base=None, log_level=None, verb_name='build', build_base='build', install_base='install', merge_install=False, symlink_install=True, test_result_base=None, continue_on_error=False, executor='parallel', parallel_workers=8, event_handlers=None, ignore_user_meta=False, metas=['./colcon.meta'], base_paths=['.'], packages_ignore=None, packages_ignore_regex=None, paths=None, packages_up_to=None, packages_up_to_regex=None, packages_above=None, packages_above_and_dependencies=None, packages_above_depth=None, packages_select_by_dep=None, packages_skip_by_dep=None, packages_skip_up_to=None, packages_select_build_failed=False, packages_skip_build_finished=False, packages_select_test_failures=False, packages_skip_test_passed=False, packages_select=None, packages_skip=None, packages_select_regex=None, packages_skip_regex=None, packages_start=None, packages_end=None, allow_overriding=[], cmake_args=None, cmake_target=None, cmake_target_skip_unavailable=False, cmake_clean_cache=False, cmake_clean_first=False, cmake_force_configure=False, ament_cmake_args=None, catkin_cmake_args=None, catkin_skip_building_tests=False, mixin_files=None, mixin=None, verb_parser=<colcon_mixin.mixin.mixin_argument.MixinArgumentDecorator object at 0x7a4acc4c0680>, verb_extension=<colcon_core.verb.build.BuildVerb object at 0x7a4acc4c02c0>, main=<bound method BuildVerb.main of <colcon_core.verb.build.BuildVerb object at 0x7a4acc4c02c0>>, mixin_verb=('build',))
[0.147s] Level 1:colcon.colcon_core.package_discovery:discover_packages(colcon_meta) check parameters
[0.147s] Level 1:colcon.colcon_core.package_discovery:discover_packages(recursive) check parameters
[0.147s] Level 1:colcon.colcon_core.package_discovery:discover_packages(ignore) check parameters
[0.147s] Level 1:colcon.colcon_core.package_discovery:discover_packages(path) check parameters
[0.147s] Level 1:colcon.colcon_core.package_discovery:discover_packages(colcon_meta) discover
[0.148s] Level 1:colcon.colcon_core.package_discovery:discover_packages(recursive) discover
[0.148s] INFO:colcon.colcon_core.package_discovery:Crawling recursively for packages in '/home/shibam/dev_ws'
[0.148s] Level 1:colcon.colcon_core.package_identification:_identify(.) by extensions ['ignore', 'ignore_ament_install']
[0.148s] Level 1:colcon.colcon_core.package_identification:_identify(.) by extension 'ignore'
[0.148s] Level 1:colcon.colcon_core.package_identification:_identify(.) by extension 'ignore_ament_install'
[0.148s] Level 1:colcon.colcon_core.package_identification:_identify(.) by extensions ['colcon_pkg']
[0.148s] Level 1:colcon.colcon_core.package_identification:_identify(.) by extension 'colcon_pkg'
[0.148s] Level 1:colcon.colcon_core.package_identification:_identify(.) by extensions ['colcon_meta']
[0.148s] Level 1:colcon.colcon_core.package_identification:_identify(.) by extension 'colcon_meta'
[0.148s] Level 1:colcon.colcon_core.package_identification:_identify(.) by extensions ['ros']
[0.148s] Level 1:colcon.colcon_core.package_identification:_identify(.) by extension 'ros'
[0.169s] Level 1:colcon.colcon_core.package_identification:_identify(.) by extensions ['cmake', 'python']
[0.169s] Level 1:colcon.colcon_core.package_identification:_identify(.) by extension 'cmake'
[0.169s] Level 1:colcon.colcon_core.package_identification:_identify(.) by extension 'python'
[0.169s] Level 1:colcon.colcon_core.package_identification:_identify(.) by extensions ['python_setup_py']
[0.169s] Level 1:colcon.colcon_core.package_identification:_identify(.) by extension 'python_setup_py'
[0.169s] Level 1:colcon.colcon_core.package_identification:_identify(build) by extensions ['ignore', 'ignore_ament_install']
[0.169s] Level 1:colcon.colcon_core.package_identification:_identify(build) by extension 'ignore'
[0.170s] Level 1:colcon.colcon_core.package_identification:_identify(build) ignored
[0.170s] Level 1:colcon.colcon_core.package_identification:_identify(install) by extensions ['ignore', 'ignore_ament_install']
[0.170s] Level 1:colcon.colcon_core.package_identification:_identify(install) by extension 'ignore'
[0.170s] Level 1:colcon.colcon_core.package_identification:_identify(install) ignored
[0.170s] Level 1:colcon.colcon_core.package_identification:_identify(log) by extensions ['ignore', 'ignore_ament_install']
[0.170s] Level 1:colcon.colcon_core.package_identification:_identify(log) by extension 'ignore'
[0.170s] Level 1:colcon.colcon_core.package_identification:_identify(log) ignored
[0.170s] Level 1:colcon.colcon_core.package_identification:_identify(src) by extensions ['ignore', 'ignore_ament_install']
[0.170s] Level 1:colcon.colcon_core.package_identification:_identify(src) by extension 'ignore'
[0.170s] Level 1:colcon.colcon_core.package_identification:_identify(src) by extension 'ignore_ament_install'
[0.170s] Level 1:colcon.colcon_core.package_identification:_identify(src) by extensions ['colcon_pkg']
[0.170s] Level 1:colcon.colcon_core.package_identification:_identify(src) by extension 'colcon_pkg'
[0.170s] Level 1:colcon.colcon_core.package_identification:_identify(src) by extensions ['colcon_meta']
[0.170s] Level 1:colcon.colcon_core.package_identification:_identify(src) by extension 'colcon_meta'
[0.170s] Level 1:colcon.colcon_core.package_identification:_identify(src) by extensions ['ros']
[0.170s] Level 1:colcon.colcon_core.package_identification:_identify(src) by extension 'ros'
[0.170s] Level 1:colcon.colcon_core.package_identification:_identify(src) by extensions ['cmake', 'python']
[0.170s] Level 1:colcon.colcon_core.package_identification:_identify(src) by extension 'cmake'
[0.170s] Level 1:colcon.colcon_core.package_identification:_identify(src) by extension 'python'
[0.170s] Level 1:colcon.colcon_core.package_identification:_identify(src) by extensions ['python_setup_py']
[0.170s] Level 1:colcon.colcon_core.package_identification:_identify(src) by extension 'python_setup_py'
[0.171s] Level 1:colcon.colcon_core.package_identification:_identify(src/talkerlistener) by extensions ['ignore', 'ignore_ament_install']
[0.171s] Level 1:colcon.colcon_core.package_identification:_identify(src/talkerlistener) by extension 'ignore'
[0.171s] Level 1:colcon.colcon_core.package_identification:_identify(src/talkerlistener) by extension 'ignore_ament_install'
[0.171s] Level 1:colcon.colcon_core.package_identification:_identify(src/talkerlistener) by extensions ['colcon_pkg']
[0.171s] Level 1:colcon.colcon_core.package_identification:_identify(src/talkerlistener) by extension 'colcon_pkg'
[0.171s] Level 1:colcon.colcon_core.package_identification:_identify(src/talkerlistener) by extensions ['colcon_meta']
[0.171s] Level 1:colcon.colcon_core.package_identification:_identify(src/talkerlistener) by extension 'colcon_meta'
[0.171s] Level 1:colcon.colcon_core.package_identification:_identify(src/talkerlistener) by extensions ['ros']
[0.171s] Level 1:colcon.colcon_core.package_identification:_identify(src/talkerlistener) by extension 'ros'
[0.200s] DEBUG:colcon.colcon_core.package_identification:Package 'src/talkerlistener' with type 'ros.ament_cmake' and name 'talkerlistener'
[0.200s] Level 1:colcon.colcon_core.package_discovery:discover_packages(recursive) using defaults
[0.200s] Level 1:colcon.colcon_core.package_discovery:discover_packages(ignore) discover
[0.201s] Level 1:colcon.colcon_core.package_discovery:discover_packages(ignore) using defaults
[0.201s] Level 1:colcon.colcon_core.package_discovery:discover_packages(path) discover
[0.201s] Level 1:colcon.colcon_core.package_discovery:discover_packages(path) using defaults
[0.215s] Level 1:colcon.colcon_core.package_discovery:discover_packages(prefix_path) check parameters
[0.215s] Level 1:colcon.colcon_core.package_discovery:discover_packages(prefix_path) discover
[0.217s] DEBUG:colcon.colcon_installed_package_information.package_discovery:Found 433 installed packages in /opt/ros/jazzy
[0.219s] Level 1:colcon.colcon_core.package_discovery:discover_packages(prefix_path) using defaults
[0.269s] Level 5:colcon.colcon_core.verb:set package 'talkerlistener' build argument 'cmake_args' from command line to 'None'
[0.270s] Level 5:colcon.colcon_core.verb:set package 'talkerlistener' build argument 'cmake_target' from command line to 'None'
[0.270s] Level 5:colcon.colcon_core.verb:set package 'talkerlistener' build argument 'cmake_target_skip_unavailable' from command line to 'False'
[0.270s] Level 5:colcon.colcon_core.verb:set package 'talkerlistener' build argument 'cmake_clean_cache' from command line to 'False'
[0.270s] Level 5:colcon.colcon_core.verb:set package 'talkerlistener' build argument 'cmake_clean_first' from command line to 'False'
[0.270s] Level 5:colcon.colcon_core.verb:set package 'talkerlistener' build argument 'cmake_force_configure' from command line to 'False'
[0.270s] Level 5:colcon.colcon_core.verb:set package 'talkerlistener' build argument 'ament_cmake_args' from command line to 'None'
[0.270s] Level 5:colcon.colcon_core.verb:set package 'talkerlistener' build argument 'catkin_cmake_args' from command line to 'None'
[0.270s] Level 5:colcon.colcon_core.verb:set package 'talkerlistener' build argument 'catkin_skip_building_tests' from command line to 'False'
[0.270s] DEBUG:colcon.colcon_core.verb:Building package 'talkerlistener' with the following arguments: {'ament_cmake_args': None, 'build_base': '/home/shibam/dev_ws/build/talkerlistener', 'catkin_cmake_args': None, 'catkin_skip_building_tests': False, 'cmake_args': None, 'cmake_clean_cache': False, 'cmake_clean_first': False, 'cmake_force_configure': False, 'cmake_target': None, 'cmake_target_skip_unavailable': False, 'install_base': '/home/shibam/dev_ws/install/talkerlistener', 'merge_install': False, 'path': '/home/shibam/dev_ws/src/talkerlistener', 'symlink_install': True, 'test_result_base': None}
[0.270s] INFO:colcon.colcon_core.executor:Executing jobs using 'parallel' executor
[0.271s] DEBUG:colcon.colcon_parallel_executor.executor.parallel:run_until_complete
[0.271s] INFO:colcon.colcon_ros.task.ament_cmake.build:Building ROS package in '/home/shibam/dev_ws/src/talkerlistener' with build type 'ament_cmake'
[0.271s] INFO:colcon.colcon_cmake.task.cmake.build:Building CMake package in '/home/shibam/dev_ws/src/talkerlistener'
[0.273s] INFO:colcon.colcon_core.plugin_system:Skipping extension 'colcon_core.shell.bat': Not used on non-Windows systems
[0.273s] INFO:colcon.colcon_core.shell:Skip shell extension 'powershell' for command environment: Not usable outside of PowerShell
[0.273s] DEBUG:colcon.colcon_core.shell:Skip shell extension 'dsv' for command environment
[0.296s] DEBUG:colcon.colcon_core.event_handler.log_command:Invoking command in '/home/shibam/dev_ws/build/talkerlistener': CMAKE_PREFIX_PATH=${CMAKE_PREFIX_PATH}:/opt/ros/jazzy DEBUGINFOD_URLS=https://debuginfod.ubuntu.com /usr/bin/cmake /home/shibam/dev_ws/src/talkerlistener -DAMENT_CMAKE_SYMLINK_INSTALL=1 -DCMAKE_INSTALL_PREFIX=/home/shibam/dev_ws/install/talkerlistener
[3.160s] DEBUG:colcon.colcon_core.event_handler.log_command:Invoked command in '/home/shibam/dev_ws/build/talkerlistener' returned '0': CMAKE_PREFIX_PATH=${CMAKE_PREFIX_PATH}:/opt/ros/jazzy DEBUGINFOD_URLS=https://debuginfod.ubuntu.com /usr/bin/cmake /home/shibam/dev_ws/src/talkerlistener -DAMENT_CMAKE_SYMLINK_INSTALL=1 -DCMAKE_INSTALL_PREFIX=/home/shibam/dev_ws/install/talkerlistener
[3.161s] DEBUG:colcon.colcon_core.event_handler.log_command:Invoking command in '/home/shibam/dev_ws/build/talkerlistener': CMAKE_PREFIX_PATH=${CMAKE_PREFIX_PATH}:/opt/ros/jazzy DEBUGINFOD_URLS=https://debuginfod.ubuntu.com /usr/bin/cmake --build /home/shibam/dev_ws/build/talkerlistener -- -j8 -l8
[3.193s] DEBUG:colcon.colcon_core.event_handler.log_command:Invoked command in '/home/shibam/dev_ws/build/talkerlistener' returned '0': CMAKE_PREFIX_PATH=${CMAKE_PREFIX_PATH}:/opt/ros/jazzy DEBUGINFOD_URLS=https://debuginfod.ubuntu.com /usr/bin/cmake --build /home/shibam/dev_ws/build/talkerlistener -- -j8 -l8
[3.202s] DEBUG:colcon.colcon_core.event_handler.log_command:Invoking command in '/home/shibam/dev_ws/build/talkerlistener': CMAKE_PREFIX_PATH=${CMAKE_PREFIX_PATH}:/opt/ros/jazzy DEBUGINFOD_URLS=https://debuginfod.ubuntu.com /usr/bin/cmake --install /home/shibam/dev_ws/build/talkerlistener
[3.338s] Level 1:colcon.colcon_core.environment:create_environment_scripts_only(talkerlistener)
[3.339s] DEBUG:colcon.colcon_core.event_handler.log_command:Invoked command in '/home/shibam/dev_ws/build/talkerlistener' returned '0': CMAKE_PREFIX_PATH=${CMAKE_PREFIX_PATH}:/opt/ros/jazzy DEBUGINFOD_URLS=https://debuginfod.ubuntu.com /usr/bin/cmake --install /home/shibam/dev_ws/build/talkerlistener
[3.384s] Level 1:colcon.colcon_core.environment:checking '/home/shibam/dev_ws/install/talkerlistener' for CMake module files
[3.385s] Level 1:colcon.colcon_core.environment:checking '/home/shibam/dev_ws/install/talkerlistener' for CMake config files
[3.385s] Level 1:colcon.colcon_core.shell:create_environment_hook('talkerlistener', 'cmake_prefix_path')
[3.385s] INFO:colcon.colcon_core.shell:Creating environment hook '/home/shibam/dev_ws/install/talkerlistener/share/talkerlistener/hook/cmake_prefix_path.ps1'
[3.393s] INFO:colcon.colcon_core.shell:Creating environment descriptor '/home/shibam/dev_ws/install/talkerlistener/share/talkerlistener/hook/cmake_prefix_path.dsv'
[3.406s] INFO:colcon.colcon_core.shell:Creating environment hook '/home/shibam/dev_ws/install/talkerlistener/share/talkerlistener/hook/cmake_prefix_path.sh'
[3.407s] Level 1:colcon.colcon_core.environment:checking '/home/shibam/dev_ws/install/talkerlistener/bin'
[3.408s] Level 1:colcon.colcon_core.environment:checking '/home/shibam/dev_ws/install/talkerlistener/lib/pkgconfig/talkerlistener.pc'
[3.408s] Level 1:colcon.colcon_core.environment:checking '/home/shibam/dev_ws/install/talkerlistener/lib/python3.12/site-packages'
[3.409s] Level 1:colcon.colcon_core.environment:checking '/home/shibam/dev_ws/install/talkerlistener/bin'
[3.409s] INFO:colcon.colcon_core.shell:Creating package script '/home/shibam/dev_ws/install/talkerlistener/share/talkerlistener/package.ps1'
[3.411s] INFO:colcon.colcon_core.shell:Creating package descriptor '/home/shibam/dev_ws/install/talkerlistener/share/talkerlistener/package.dsv'
[3.413s] INFO:colcon.colcon_core.shell:Creating package script '/home/shibam/dev_ws/install/talkerlistener/share/talkerlistener/package.sh'
[3.415s] INFO:colcon.colcon_core.shell:Creating package script '/home/shibam/dev_ws/install/talkerlistener/share/talkerlistener/package.bash'
[3.419s] INFO:colcon.colcon_core.shell:Creating package script '/home/shibam/dev_ws/install/talkerlistener/share/talkerlistener/package.zsh'
[3.433s] Level 1:colcon.colcon_core.environment:create_file_with_runtime_dependencies(/home/shibam/dev_ws/install/talkerlistener/share/colcon-core/packages/talkerlistener)
[3.434s] Level 1:colcon.colcon_core.environment:create_environment_scripts_only(talkerlistener)
[3.435s] Level 1:colcon.colcon_core.environment:checking '/home/shibam/dev_ws/install/talkerlistener' for CMake module files
[3.436s] Level 1:colcon.colcon_core.environment:checking '/home/shibam/dev_ws/install/talkerlistener' for CMake config files
[3.437s] Level 1:colcon.colcon_core.shell:create_environment_hook('talkerlistener', 'cmake_prefix_path')
[3.437s] INFO:colcon.colcon_core.shell:Creating environment hook '/home/shibam/dev_ws/install/talkerlistener/share/talkerlistener/hook/cmake_prefix_path.ps1'
[3.438s] INFO:colcon.colcon_core.shell:Creating environment descriptor '/home/shibam/dev_ws/install/talkerlistener/share/talkerlistener/hook/cmake_prefix_path.dsv'
[3.439s] INFO:colcon.colcon_core.shell:Creating environment hook '/home/shibam/dev_ws/install/talkerlistener/share/talkerlistener/hook/cmake_prefix_path.sh'
[3.440s] Level 1:colcon.colcon_core.environment:checking '/home/shibam/dev_ws/install/talkerlistener/bin'
[3.441s] Level 1:colcon.colcon_core.environment:checking '/home/shibam/dev_ws/install/talkerlistener/lib/pkgconfig/talkerlistener.pc'
[3.441s] Level 1:colcon.colcon_core.environment:checking '/home/shibam/dev_ws/install/talkerlistener/lib/python3.12/site-packages'
[3.442s] Level 1:colcon.colcon_core.environment:checking '/home/shibam/dev_ws/install/talkerlistener/bin'
[3.442s] INFO:colcon.colcon_core.shell:Creating package script '/home/shibam/dev_ws/install/talkerlistener/share/talkerlistener/package.ps1'
[3.444s] INFO:colcon.colcon_core.shell:Creating package descriptor '/home/shibam/dev_ws/install/talkerlistener/share/talkerlistener/package.dsv'
[3.445s] INFO:colcon.colcon_core.shell:Creating package script '/home/shibam/dev_ws/install/talkerlistener/share/talkerlistener/package.sh'
[3.446s] INFO:colcon.colcon_core.shell:Creating package script '/home/shibam/dev_ws/install/talkerlistener/share/talkerlistener/package.bash'
[3.447s] INFO:colcon.colcon_core.shell:Creating package script '/home/shibam/dev_ws/install/talkerlistener/share/talkerlistener/package.zsh'
[3.448s] Level 1:colcon.colcon_core.environment:create_file_with_runtime_dependencies(/home/shibam/dev_ws/install/talkerlistener/share/colcon-core/packages/talkerlistener)
[3.449s] DEBUG:colcon.colcon_parallel_executor.executor.parallel:closing loop
[3.450s] DEBUG:colcon.colcon_parallel_executor.executor.parallel:loop closed
[3.450s] DEBUG:colcon.colcon_parallel_executor.executor.parallel:run_until_complete finished with '0'
[3.450s] DEBUG:colcon.colcon_core.event_reactor:joining thread
[3.462s] INFO:colcon.colcon_core.plugin_system:Skipping extension 'colcon_notification.desktop_notification.terminal_notifier': Not used on non-Darwin systems
[3.462s] INFO:colcon.colcon_core.plugin_system:Skipping extension 'colcon_notification.desktop_notification.win32': Not used on non-Windows systems
[3.462s] INFO:colcon.colcon_notification.desktop_notification:Sending desktop notification using 'notify2'
[3.553s] DEBUG:colcon.colcon_notification.desktop_notification.notify2:Failed to initialize notify2: org.freedesktop.DBus.Error.NameHasNoOwner: Could not get owner of name 'org.freedesktop.Notifications': no such name
[3.554s] DEBUG:colcon.colcon_core.event_reactor:joined thread
[3.555s] INFO:colcon.colcon_core.shell:Creating prefix script '/home/shibam/dev_ws/install/local_setup.ps1'
[3.558s] INFO:colcon.colcon_core.shell:Creating prefix util module '/home/shibam/dev_ws/install/_local_setup_util_ps1.py'
[3.562s] INFO:colcon.colcon_core.shell:Creating prefix chain script '/home/shibam/dev_ws/install/setup.ps1'
[3.566s] INFO:colcon.colcon_core.shell:Creating prefix script '/home/shibam/dev_ws/install/local_setup.sh'
[3.568s] INFO:colcon.colcon_core.shell:Creating prefix util module '/home/shibam/dev_ws/install/_local_setup_util_sh.py'
[3.570s] INFO:colcon.colcon_core.shell:Creating prefix chain script '/home/shibam/dev_ws/install/setup.sh'
[3.573s] INFO:colcon.colcon_core.shell:Creating prefix script '/home/shibam/dev_ws/install/local_setup.bash'
[3.575s] INFO:colcon.colcon_core.shell:Creating prefix chain script '/home/shibam/dev_ws/install/setup.bash'
[3.577s] INFO:colcon.colcon_core.shell:Creating prefix script '/home/shibam/dev_ws/install/local_setup.zsh'
[3.578s] INFO:colcon.colcon_core.shell:Creating prefix chain script '/home/shibam/dev_ws/install/setup.zsh'
