[0.085s] Invoking command in '/home/shibam/dev_ws/build/talkerlistener': CMAKE_PREFIX_PATH=${CMAKE_PREFIX_PATH}:/opt/ros/jazzy DEBUGINFOD_URLS=https://debuginfod.ubuntu.com /usr/bin/cmake --build /home/shibam/dev_ws/build/talkerlistener -- -j8 -l8
[0.467s] Invoked command in '/home/shibam/dev_ws/build/talkerlistener' returned '0': CMAKE_PREFIX_PATH=${CMAKE_PREFIX_PATH}:/opt/ros/jazzy DEBUGINFOD_URLS=https://debuginfod.ubuntu.com /usr/bin/cmake --build /home/shibam/dev_ws/build/talkerlistener -- -j8 -l8
[0.488s] Invoking command in '/home/shibam/dev_ws/build/talkerlistener': CMAKE_PREFIX_PATH=${CMAKE_PREFIX_PATH}:/opt/ros/jazzy DEBUGINFOD_URLS=https://debuginfod.ubuntu.com /usr/bin/cmake --install /home/shibam/dev_ws/build/talkerlistener
[0.503s] -- Install configuration: ""
[0.504s] -- Execute custom install script
[0.504s] -- Symlinking: /home/shibam/dev_ws/install/talkerlistener/share/talkerlistener/launch/listener.launch.py
[0.518s] -- Symlinking: /home/shibam/dev_ws/install/talkerlistener/share/talkerlistener/launch/talker.launch.py
[0.529s] -- Up-to-date symlink: /home/shibam/dev_ws/install/talkerlistener/share/ament_index/resource_index/package_run_dependencies/talkerlistener
[0.529s] -- Up-to-date symlink: /home/shibam/dev_ws/install/talkerlistener/share/ament_index/resource_index/parent_prefix_path/talkerlistener
[0.529s] -- Up-to-date symlink: /home/shibam/dev_ws/install/talkerlistener/share/talkerlistener/environment/ament_prefix_path.sh
[0.529s] -- Up-to-date symlink: /home/shibam/dev_ws/install/talkerlistener/share/talkerlistener/environment/ament_prefix_path.dsv
[0.529s] -- Up-to-date symlink: /home/shibam/dev_ws/install/talkerlistener/share/talkerlistener/environment/path.sh
[0.530s] -- Up-to-date symlink: /home/shibam/dev_ws/install/talkerlistener/share/talkerlistener/environment/path.dsv
[0.530s] -- Up-to-date symlink: /home/shibam/dev_ws/install/talkerlistener/share/talkerlistener/local_setup.bash
[0.530s] -- Up-to-date symlink: /home/shibam/dev_ws/install/talkerlistener/share/talkerlistener/local_setup.sh
[0.530s] -- Up-to-date symlink: /home/shibam/dev_ws/install/talkerlistener/share/talkerlistener/local_setup.zsh
[0.530s] -- Up-to-date symlink: /home/shibam/dev_ws/install/talkerlistener/share/talkerlistener/local_setup.dsv
[0.530s] -- Symlinking: /home/shibam/dev_ws/install/talkerlistener/share/talkerlistener/package.dsv
[0.540s] -- Up-to-date symlink: /home/shibam/dev_ws/install/talkerlistener/share/ament_index/resource_index/packages/talkerlistener
[0.540s] -- Up-to-date symlink: /home/shibam/dev_ws/install/talkerlistener/share/talkerlistener/cmake/talkerlistenerConfig.cmake
[0.540s] -- Up-to-date symlink: /home/shibam/dev_ws/install/talkerlistener/share/talkerlistener/cmake/talkerlistenerConfig-version.cmake
[0.540s] -- Up-to-date symlink: /home/shibam/dev_ws/install/talkerlistener/share/talkerlistener/package.xml
[0.542s] Invoked command in '/home/shibam/dev_ws/build/talkerlistener' returned '0': CMAKE_PREFIX_PATH=${CMAKE_PREFIX_PATH}:/opt/ros/jazzy DEBUGINFOD_URLS=https://debuginfod.ubuntu.com /usr/bin/cmake --install /home/shibam/dev_ws/build/talkerlistener
